<?xml version="1.0" encoding="UTF-8"?>
<!-- Generated by org.testng.reporters.JUnitReportReporter -->
<testsuite hostname="PCld-E-VM-Y017" failures="0" tests="2" name="JavaStreamsConcept" time="0.039" errors="0" timestamp="2025-07-06T22:39:17 IST" skipped="0">
  <testcase classname="JavaStreamsConcept" name="streamFilter" time="0.030"/>
  <testcase classname="JavaStreamsConcept" name="streamMap" time="0.009"/>
</testsuite> <!-- JavaStreamsConcept -->
