<?xml version="1.0" encoding="UTF-8"?>
<!-- Generated by org.testng.reporters.JUnitReportReporter -->
<testsuite hostname="PCld-E-VM-Y017" failures="0" tests="1" name="TestNgTutorials.DayThree" time="0.008" errors="0" timestamp="2025-07-08T00:46:18 IST" skipped="0">
  <testcase classname="TestNgTutorials.DayThree" name="WebLoginCarLoan" time="0.008"/>
</testsuite> <!-- TestNgTutorials.DayThree -->
